[INFO  - 2018-02-10T08:06:42.498Z] GhostDriver - Main - running on port 58460
[INFO  - 2018-02-10T08:06:44.537Z] Session [55819300-0e39-11e8-8a68-3bfdc3dedbb1] - page.settings - {"XSSAuditingEnabled":false,"javascriptCanCloseWindows":true,"javascriptCanOpenWindows":true,"javascriptEnabled":true,"loadImages":true,"localToRemoteUrlAccessEnabled":false,"userAgent":"Mozilla/5.0 (Windows NT 6.2; WOW64) AppleWebKit/538.1 (KHTML, like Gecko) PhantomJS/2.1.1 Safari/538.1","webSecurityEnabled":true}
[INFO  - 2018-02-10T08:06:44.537Z] Session [55819300-0e39-11e8-8a68-3bfdc3dedbb1] - page.customHeaders:  - {}
[INFO  - 2018-02-10T08:06:44.538Z] Session [55819300-0e39-11e8-8a68-3bfdc3dedbb1] - Session.negotiatedCapabilities - {"browserName":"phantomjs","version":"2.1.1","driverName":"ghostdriver","driverVersion":"1.2.0","platform":"windows-10-32bit","javascriptEnabled":true,"takesScreenshot":true,"handlesAlerts":false,"databaseEnabled":false,"locationContextEnabled":false,"applicationCacheEnabled":false,"browserConnectionEnabled":false,"cssSelectorsEnabled":true,"webStorageEnabled":false,"rotatable":false,"acceptSslCerts":false,"nativeEvents":true,"proxy":{"proxyType":"direct"}}
[INFO  - 2018-02-10T08:06:44.538Z] SessionManagerReqHand - _postNewSessionCommand - New Session Created: 55819300-0e39-11e8-8a68-3bfdc3dedbb1
[ERROR - 2018-02-10T08:07:00.711Z] WebElementLocator - _handleLocateCommand - Element(s) NOT Found: GAVE UP. Search Stop Time: 1518250020688

  phantomjs://platform/console++.js:263 in error
[INFO  - 2018-02-10T08:07:09.801Z] Session [55819300-0e39-11e8-8a68-3bfdc3dedbb1] - page.settings - {"XSSAuditingEnabled":false,"javascriptCanCloseWindows":true,"javascriptCanOpenWindows":true,"javascriptEnabled":true,"loadImages":true,"localToRemoteUrlAccessEnabled":false,"userAgent":"Mozilla/5.0 (Windows NT 6.2; WOW64) AppleWebKit/538.1 (KHTML, like Gecko) PhantomJS/2.1.1 Safari/538.1","webSecurityEnabled":true}
[INFO  - 2018-02-10T08:07:09.801Z] Session [55819300-0e39-11e8-8a68-3bfdc3dedbb1] - page.customHeaders:  - {}
[ERROR - 2018-02-10T08:07:16.055Z] WebElementLocator - _handleLocateCommand - Element(s) NOT Found: GAVE UP. Search Stop Time: 1518250035997

  phantomjs://platform/console++.js:263 in error
[ERROR - 2018-02-10T08:07:28.363Z] WebElementLocator - _handleLocateCommand - Element(s) NOT Found: GAVE UP. Search Stop Time: 1518250048317

  phantomjs://platform/console++.js:263 in error
[ERROR - 2018-02-10T08:07:40.213Z] WebElementLocator - _handleLocateCommand - Element(s) NOT Found: GAVE UP. Search Stop Time: 1518250060157

  phantomjs://platform/console++.js:263 in error
[ERROR - 2018-02-10T08:07:53.192Z] WebElementLocator - _handleLocateCommand - Element(s) NOT Found: GAVE UP. Search Stop Time: 1518250073132

  phantomjs://platform/console++.js:263 in error
[ERROR - 2018-02-10T08:08:05.462Z] WebElementLocator - _handleLocateCommand - Element(s) NOT Found: GAVE UP. Search Stop Time: 1518250085409

  phantomjs://platform/console++.js:263 in error
[ERROR - 2018-02-10T08:08:17.795Z] WebElementLocator - _handleLocateCommand - Element(s) NOT Found: GAVE UP. Search Stop Time: 1518250097754

  phantomjs://platform/console++.js:263 in error
[ERROR - 2018-02-10T08:08:30.369Z] WebElementLocator - _handleLocateCommand - Element(s) NOT Found: GAVE UP. Search Stop Time: 1518250110309

  phantomjs://platform/console++.js:263 in error
[ERROR - 2018-02-10T08:08:42.438Z] WebElementLocator - _handleLocateCommand - Element(s) NOT Found: GAVE UP. Search Stop Time: 1518250122389

  phantomjs://platform/console++.js:263 in error
[ERROR - 2018-02-10T08:08:54.348Z] WebElementLocator - _handleLocateCommand - Element(s) NOT Found: GAVE UP. Search Stop Time: 1518250134308

  phantomjs://platform/console++.js:263 in error
[ERROR - 2018-02-10T08:09:06.280Z] WebElementLocator - _handleLocateCommand - Element(s) NOT Found: GAVE UP. Search Stop Time: 1518250146241

  phantomjs://platform/console++.js:263 in error
[ERROR - 2018-02-10T08:09:21.820Z] WebElementLocator - _handleLocateCommand - Element(s) NOT Found: GAVE UP. Search Stop Time: 1518250161758

  phantomjs://platform/console++.js:263 in error
[ERROR - 2018-02-10T08:09:33.588Z] WebElementLocator - _handleLocateCommand - Element(s) NOT Found: GAVE UP. Search Stop Time: 1518250173587

  phantomjs://platform/console++.js:263 in error
[ERROR - 2018-02-10T08:09:45.563Z] WebElementLocator - _handleLocateCommand - Element(s) NOT Found: GAVE UP. Search Stop Time: 1518250185522

  phantomjs://platform/console++.js:263 in error
[ERROR - 2018-02-10T08:09:57.460Z] WebElementLocator - _handleLocateCommand - Element(s) NOT Found: GAVE UP. Search Stop Time: 1518250197434

  phantomjs://platform/console++.js:263 in error
[ERROR - 2018-02-10T08:10:09.293Z] WebElementLocator - _handleLocateCommand - Element(s) NOT Found: GAVE UP. Search Stop Time: 1518250209286

  phantomjs://platform/console++.js:263 in error
[ERROR - 2018-02-10T08:10:21.263Z] WebElementLocator - _handleLocateCommand - Element(s) NOT Found: GAVE UP. Search Stop Time: 1518250221254

  phantomjs://platform/console++.js:263 in error
[ERROR - 2018-02-10T08:10:33.205Z] WebElementLocator - _handleLocateCommand - Element(s) NOT Found: GAVE UP. Search Stop Time: 1518250233152

  phantomjs://platform/console++.js:263 in error
[ERROR - 2018-02-10T08:10:46.674Z] WebElementLocator - _handleLocateCommand - Element(s) NOT Found: GAVE UP. Search Stop Time: 1518250246624

  phantomjs://platform/console++.js:263 in error
[ERROR - 2018-02-10T08:10:58.810Z] WebElementLocator - _handleLocateCommand - Element(s) NOT Found: GAVE UP. Search Stop Time: 1518250258768

  phantomjs://platform/console++.js:263 in error
[ERROR - 2018-02-10T08:11:11.174Z] WebElementLocator - _handleLocateCommand - Element(s) NOT Found: GAVE UP. Search Stop Time: 1518250271116

  phantomjs://platform/console++.js:263 in error
[ERROR - 2018-02-10T08:11:24.626Z] WebElementLocator - _handleLocateCommand - Element(s) NOT Found: GAVE UP. Search Stop Time: 1518250284563

  phantomjs://platform/console++.js:263 in error
[ERROR - 2018-02-10T08:11:36.621Z] WebElementLocator - _handleLocateCommand - Element(s) NOT Found: GAVE UP. Search Stop Time: 1518250296567

  phantomjs://platform/console++.js:263 in error
[INFO  - 2018-02-10T08:11:42.498Z] SessionManagerReqHand - _cleanupWindowlessSessions - Asynchronous Sessions clean-up phase starting NOW
[ERROR - 2018-02-10T08:11:49.069Z] WebElementLocator - _handleLocateCommand - Element(s) NOT Found: GAVE UP. Search Stop Time: 1518250309018

  phantomjs://platform/console++.js:263 in error
[ERROR - 2018-02-10T08:12:01.206Z] WebElementLocator - _handleLocateCommand - Element(s) NOT Found: GAVE UP. Search Stop Time: 1518250321160

  phantomjs://platform/console++.js:263 in error
[ERROR - 2018-02-10T08:12:13.441Z] WebElementLocator - _handleLocateCommand - Element(s) NOT Found: GAVE UP. Search Stop Time: 1518250333383

  phantomjs://platform/console++.js:263 in error
[ERROR - 2018-02-10T08:12:25.751Z] WebElementLocator - _handleLocateCommand - Element(s) NOT Found: GAVE UP. Search Stop Time: 1518250345698

  phantomjs://platform/console++.js:263 in error
[ERROR - 2018-02-10T08:12:37.586Z] WebElementLocator - _handleLocateCommand - Element(s) NOT Found: GAVE UP. Search Stop Time: 1518250357562

  phantomjs://platform/console++.js:263 in error
[ERROR - 2018-02-10T08:12:49.767Z] WebElementLocator - _handleLocateCommand - Element(s) NOT Found: GAVE UP. Search Stop Time: 1518250369731

  phantomjs://platform/console++.js:263 in error
[ERROR - 2018-02-10T08:13:02.020Z] WebElementLocator - _handleLocateCommand - Element(s) NOT Found: GAVE UP. Search Stop Time: 1518250381979

  phantomjs://platform/console++.js:263 in error
[ERROR - 2018-02-10T08:13:14.022Z] WebElementLocator - _handleLocateCommand - Element(s) NOT Found: GAVE UP. Search Stop Time: 1518250394020

  phantomjs://platform/console++.js:263 in error
[ERROR - 2018-02-10T08:13:26.674Z] WebElementLocator - _handleLocateCommand - Element(s) NOT Found: GAVE UP. Search Stop Time: 1518250406617

  phantomjs://platform/console++.js:263 in error
[ERROR - 2018-02-10T08:13:38.571Z] WebElementLocator - _handleLocateCommand - Element(s) NOT Found: GAVE UP. Search Stop Time: 1518250418566

  phantomjs://platform/console++.js:263 in error
[ERROR - 2018-02-10T08:13:51.533Z] WebElementLocator - _handleLocateCommand - Element(s) NOT Found: GAVE UP. Search Stop Time: 1518250431482

  phantomjs://platform/console++.js:263 in error
[ERROR - 2018-02-10T08:14:04.641Z] WebElementLocator - _handleLocateCommand - Element(s) NOT Found: GAVE UP. Search Stop Time: 1518250444640

  phantomjs://platform/console++.js:263 in error
[ERROR - 2018-02-10T08:14:17.613Z] WebElementLocator - _handleLocateCommand - Element(s) NOT Found: GAVE UP. Search Stop Time: 1518250457559

  phantomjs://platform/console++.js:263 in error
[ERROR - 2018-02-10T08:14:29.786Z] WebElementLocator - _handleLocateCommand - Element(s) NOT Found: GAVE UP. Search Stop Time: 1518250469733

  phantomjs://platform/console++.js:263 in error
[ERROR - 2018-02-10T08:14:47.675Z] WebElementLocator - _handleLocateCommand - Element(s) NOT Found: GAVE UP. Search Stop Time: 1518250487628

  phantomjs://platform/console++.js:263 in error
[ERROR - 2018-02-10T08:14:59.692Z] WebElementLocator - _handleLocateCommand - Element(s) NOT Found: GAVE UP. Search Stop Time: 1518250499633

  phantomjs://platform/console++.js:263 in error
[ERROR - 2018-02-10T08:15:11.546Z] WebElementLocator - _handleLocateCommand - Element(s) NOT Found: GAVE UP. Search Stop Time: 1518250511495

  phantomjs://platform/console++.js:263 in error
[ERROR - 2018-02-10T08:15:23.817Z] WebElementLocator - _handleLocateCommand - Element(s) NOT Found: GAVE UP. Search Stop Time: 1518250523813

  phantomjs://platform/console++.js:263 in error
[ERROR - 2018-02-10T08:15:35.723Z] WebElementLocator - _handleLocateCommand - Element(s) NOT Found: GAVE UP. Search Stop Time: 1518250535670

  phantomjs://platform/console++.js:263 in error
[ERROR - 2018-02-10T08:15:52.943Z] WebElementLocator - _handleLocateCommand - Element(s) NOT Found: GAVE UP. Search Stop Time: 1518250552942

  phantomjs://platform/console++.js:263 in error
[ERROR - 2018-02-10T08:16:04.913Z] WebElementLocator - _handleLocateCommand - Element(s) NOT Found: GAVE UP. Search Stop Time: 1518250564863

  phantomjs://platform/console++.js:263 in error
[ERROR - 2018-02-10T08:16:20.363Z] WebElementLocator - _handleLocateCommand - Element(s) NOT Found: GAVE UP. Search Stop Time: 1518250580317

  phantomjs://platform/console++.js:263 in error
[ERROR - 2018-02-10T08:16:32.217Z] WebElementLocator - _handleLocateCommand - Element(s) NOT Found: GAVE UP. Search Stop Time: 1518250592161

  phantomjs://platform/console++.js:263 in error
[INFO  - 2018-02-10T08:16:42.499Z] SessionManagerReqHand - _cleanupWindowlessSessions - Asynchronous Sessions clean-up phase starting NOW
[ERROR - 2018-02-10T08:16:44.233Z] WebElementLocator - _handleLocateCommand - Element(s) NOT Found: GAVE UP. Search Stop Time: 1518250604187

  phantomjs://platform/console++.js:263 in error
[ERROR - 2018-02-10T08:16:56.220Z] WebElementLocator - _handleLocateCommand - Element(s) NOT Found: GAVE UP. Search Stop Time: 1518250616186

  phantomjs://platform/console++.js:263 in error
[ERROR - 2018-02-10T08:17:08.912Z] WebElementLocator - _handleLocateCommand - Element(s) NOT Found: GAVE UP. Search Stop Time: 1518250628861

  phantomjs://platform/console++.js:263 in error
[ERROR - 2018-02-10T08:17:20.836Z] WebElementLocator - _handleLocateCommand - Element(s) NOT Found: GAVE UP. Search Stop Time: 1518250640791

  phantomjs://platform/console++.js:263 in error
[ERROR - 2018-02-10T08:17:32.826Z] WebElementLocator - _handleLocateCommand - Element(s) NOT Found: GAVE UP. Search Stop Time: 1518250652770

  phantomjs://platform/console++.js:263 in error
[ERROR - 2018-02-10T08:17:47.802Z] WebElementLocator - _handleLocateCommand - Element(s) NOT Found: GAVE UP. Search Stop Time: 1518250667747

  phantomjs://platform/console++.js:263 in error
[ERROR - 2018-02-10T08:17:59.723Z] WebElementLocator - _handleLocateCommand - Element(s) NOT Found: GAVE UP. Search Stop Time: 1518250679694

  phantomjs://platform/console++.js:263 in error
[ERROR - 2018-02-10T08:18:11.563Z] WebElementLocator - _handleLocateCommand - Element(s) NOT Found: GAVE UP. Search Stop Time: 1518250691550

  phantomjs://platform/console++.js:263 in error
[ERROR - 2018-02-10T08:18:24.271Z] WebElementLocator - _handleLocateCommand - Element(s) NOT Found: GAVE UP. Search Stop Time: 1518250704216

  phantomjs://platform/console++.js:263 in error
[ERROR - 2018-02-10T08:18:36.476Z] WebElementLocator - _handleLocateCommand - Element(s) NOT Found: GAVE UP. Search Stop Time: 1518250716446

  phantomjs://platform/console++.js:263 in error
[ERROR - 2018-02-10T08:18:48.411Z] WebElementLocator - _handleLocateCommand - Element(s) NOT Found: GAVE UP. Search Stop Time: 1518250728377

  phantomjs://platform/console++.js:263 in error
[ERROR - 2018-02-10T08:19:00.299Z] WebElementLocator - _handleLocateCommand - Element(s) NOT Found: GAVE UP. Search Stop Time: 1518250740253

  phantomjs://platform/console++.js:263 in error
[ERROR - 2018-02-10T08:19:12.180Z] WebElementLocator - _handleLocateCommand - Element(s) NOT Found: GAVE UP. Search Stop Time: 1518250752136

  phantomjs://platform/console++.js:263 in error
[ERROR - 2018-02-10T08:19:24.222Z] WebElementLocator - _handleLocateCommand - Element(s) NOT Found: GAVE UP. Search Stop Time: 1518250764176

  phantomjs://platform/console++.js:263 in error
[ERROR - 2018-02-10T08:19:36.688Z] WebElementLocator - _handleLocateCommand - Element(s) NOT Found: GAVE UP. Search Stop Time: 1518250776631

  phantomjs://platform/console++.js:263 in error
[ERROR - 2018-02-10T08:19:48.615Z] WebElementLocator - _handleLocateCommand - Element(s) NOT Found: GAVE UP. Search Stop Time: 1518250788585

  phantomjs://platform/console++.js:263 in error
[ERROR - 2018-02-10T08:20:01.078Z] WebElementLocator - _handleLocateCommand - Element(s) NOT Found: GAVE UP. Search Stop Time: 1518250801028

  phantomjs://platform/console++.js:263 in error
[ERROR - 2018-02-10T08:20:12.947Z] WebElementLocator - _handleLocateCommand - Element(s) NOT Found: GAVE UP. Search Stop Time: 1518250812899

  phantomjs://platform/console++.js:263 in error
[ERROR - 2018-02-10T08:20:24.897Z] WebElementLocator - _handleLocateCommand - Element(s) NOT Found: GAVE UP. Search Stop Time: 1518250824860

  phantomjs://platform/console++.js:263 in error
[ERROR - 2018-02-10T08:20:36.659Z] WebElementLocator - _handleLocateCommand - Element(s) NOT Found: GAVE UP. Search Stop Time: 1518250836600

  phantomjs://platform/console++.js:263 in error
[ERROR - 2018-02-10T08:20:48.539Z] WebElementLocator - _handleLocateCommand - Element(s) NOT Found: GAVE UP. Search Stop Time: 1518250848490

  phantomjs://platform/console++.js:263 in error
[ERROR - 2018-02-10T08:21:03.401Z] WebElementLocator - _handleLocateCommand - Element(s) NOT Found: GAVE UP. Search Stop Time: 1518250863361

  phantomjs://platform/console++.js:263 in error
[ERROR - 2018-02-10T08:21:15.290Z] WebElementLocator - _handleLocateCommand - Element(s) NOT Found: GAVE UP. Search Stop Time: 1518250875286

  phantomjs://platform/console++.js:263 in error
[ERROR - 2018-02-10T08:21:27.315Z] WebElementLocator - _handleLocateCommand - Element(s) NOT Found: GAVE UP. Search Stop Time: 1518250887260

  phantomjs://platform/console++.js:263 in error
[ERROR - 2018-02-10T08:21:39.137Z] WebElementLocator - _handleLocateCommand - Element(s) NOT Found: GAVE UP. Search Stop Time: 1518250899129

  phantomjs://platform/console++.js:263 in error
